<?xml version="1.0" encoding="UTF-8"?>
<testng-results ignored="0" total="1" passed="1" failed="0" skipped="0">
  <reporter-output>
  </reporter-output>
  <suite started-at="2024-07-03T16:30:26 PKT" name="Default suite" finished-at="2024-07-03T16:30:31 PKT" duration-ms="5670">
    <groups>
    </groups>
    <test started-at="2024-07-03T16:30:26 PKT" name="Default test" finished-at="2024-07-03T16:30:31 PKT" duration-ms="5670">
      <class name="test.Vostro">
        <test-method is-config="true" signature="setUpTest()[pri:0, instance:test.Vostro@609e8838]" started-at="2024-07-03T16:30:26 PKT" name="setUpTest" finished-at="2024-07-03T16:30:28 PKT" duration-ms="1719" status="PASS">
          <reporter-output>
          </reporter-output>
        </test-method> <!-- setUpTest -->
        <test-method signature="googleSearch()[pri:0, instance:test.Vostro@609e8838]" started-at="2024-07-03T16:30:28 PKT" name="googleSearch" finished-at="2024-07-03T16:30:31 PKT" duration-ms="3679" status="PASS">
          <reporter-output>
          </reporter-output>
        </test-method> <!-- googleSearch -->
        <test-method is-config="true" signature="tearDownTest()[pri:0, instance:test.Vostro@609e8838]" started-at="2024-07-03T16:30:31 PKT" name="tearDownTest" finished-at="2024-07-03T16:30:31 PKT" duration-ms="223" status="PASS">
          <reporter-output>
          </reporter-output>
        </test-method> <!-- tearDownTest -->
      </class> <!-- test.Vostro -->
    </test> <!-- Default test -->
  </suite> <!-- Default suite -->
</testng-results>
